Base path: /opt/Unity/Editor/Data
Cmd: initializeCompiler
Cmd: compileComputeKernel
  api=15 insize=1435 outsize=3661 ok=1
Cmd: compileComputeKernel
  api=15 insize=3273 outsize=6929 ok=1
Cmd: compileComputeKernel
  api=18 insize=3273 outsize=19305 ok=1
Cmd: compileComputeKernel
  api=15 insize=1526 outsize=1029 ok=1
Cmd: compileComputeKernel
  api=18 insize=1526 outsize=1441 ok=1
Cmd: initializeCompiler
Cmd: initializeCompiler
Cmd: initializeCompiler
Cmd: initializeCompiler
Cmd: initializeCompiler
Cmd: initializeCompiler
Cmd: initializeCompiler
Cmd: initializeCompiler
Cmd: initializeCompiler
Cmd: initializeCompiler
Cmd: initializeCompiler
Cmd: initializeCompiler
Cmd: initializeCompiler
Cmd: initializeCompiler
Cmd: initializeCompiler
Cmd: initializeCompiler
Cmd: initializeCompiler
Cmd: initializeCompiler
Cmd: initializeCompiler
Cmd: initializeCompiler
Cmd: initializeCompiler
Cmd: initializeCompiler

Quitting shader compiler process
