Base path: /opt/Unity/Editor/Data
Cmd: initializeCompiler
Cmd: compileComputeKernel
  api=15 insize=1435 outsize=5397 ok=1
Cmd: compileComputeKernel
  api=18 insize=1435 outsize=8349 ok=1
Cmd: compileComputeKernel
  api=15 insize=3273 outsize=3869 ok=1
Cmd: compileComputeKernel
  api=18 insize=3273 outsize=15105 ok=1
Cmd: compileComputeKernel
  api=15 insize=1526 outsize=5661 ok=1
Cmd: compileComputeKernel
  api=18 insize=2343 outsize=12101 ok=1
Cmd: initializeCompiler
Cmd: initializeCompiler
Cmd: initializeCompiler
Cmd: initializeCompiler
Cmd: initializeCompiler
Cmd: initializeCompiler
Cmd: initializeCompiler
Cmd: initializeCompiler
Cmd: initializeCompiler
Cmd: initializeCompiler
Cmd: initializeCompiler
Cmd: initializeCompiler
Cmd: initializeCompiler
Cmd: initializeCompiler
Cmd: initializeCompiler
Cmd: initializeCompiler
Cmd: initializeCompiler
Cmd: initializeCompiler
Cmd: initializeCompiler
Cmd: initializeCompiler
Cmd: initializeCompiler
Cmd: initializeCompiler

Quitting shader compiler process
